#
# A fatal error has been detected by the Java Runtime Environment:
#
#  EXCEPTION_ACCESS_VIOLATION (0xc0000005) at pc=0x77017a1f, pid=3484, tid=7756
#
# JRE version: 6.0_18-b07
# Java VM: Java HotSpot(TM) Client VM (16.0-b13 mixed mode windows-x86 )
# Problematic frame:
# C  [ole32.dll+0x37a1f]
#
# If you would like to submit a bug report, please visit:
#   http://java.sun.com/webapps/bugreport/crash.jsp
# The crash happened outside the Java Virtual Machine in native code.
# See problematic frame for where to report the bug.
#

---------------  T H R E A D  ---------------

Current thread (0x17f2b400):  JavaThread "AWT-EventQueue-0" [_thread_in_native, id=7756, stack(0x18390000,0x183e0000)]

siginfo: ExceptionCode=0xc0000005, writing address 0x00000028

Registers:
EAX=0x183def0c, EBX=0x77127758, ECX=0x00000000, EDX=0x00000000
ESP=0x183deedc, EBP=0x183deee4, ESI=0x183def0c, EDI=0x00000028
EIP=0x77017a1f, EFLAGS=0x00010246

Top of Stack: (sp=0x183deedc)
0x183deedc:   1d7c23e8 001d4a00 183def20 770176eb
0x183deeec:   183def0c 17f6e3c4 1d7c23e8 00000000
0x183deefc:   00000000 00274928 001d4a00 00000000
0x183def0c:   00007400 00000d9c b981cb03 e64f3aff
0x183def1c:   e1bf5bde 183def3c 7701754a 1aa72478
0x183def2c:   00000000 7711d83e 1a8c6818 1d7c23e8
0x183def3c:   183def88 7706e0a1 e1bf5b76 1a8c6818
0x183def4c:   1a8c6818 17f6e3c4 183def6c 757b9292 

Instructions: (pc=0x77017a1f)
0x77017a0f:   90 90 90 8b ff 55 8b ec 56 8b 75 08 57 8d 79 28
0x77017a1f:   a5 a5 a5 a5 5f 5e 5d c2 04 00 ff 75 0c ff 75 08 


Stack: [0x18390000,0x183e0000],  sp=0x183deedc,  free space=13b183de9f8k
Native frames: (J=compiled Java code, j=interpreted, Vv=VM code, C=native code)
C  [ole32.dll+0x37a1f]
C  [ole32.dll+0x376eb]
C  [ole32.dll+0x3754a]
C  [ole32.dll+0x8e0a1]

Java frames: (J=compiled Java code, j=interpreted, Vv=VM code)
j  sun.awt.windows.WComponentPeer.addNativeDropTarget()J+0
j  sun.awt.windows.WComponentPeer.addDropTarget(Ljava/awt/dnd/DropTarget;)V+9
j  java.awt.dnd.DropTarget.addNotify(Ljava/awt/peer/ComponentPeer;)V+60
j  java.awt.Component.addNotify()V+297
j  java.awt.Container.addNotify()V+8
j  javax.swing.JComponent.addNotify()V+1
j  java.awt.Container.addNotify()V+61
j  javax.swing.JComponent.addNotify()V+1
j  java.awt.Container.addNotify()V+61
j  javax.swing.JComponent.addNotify()V+1
j  java.awt.Container.addNotify()V+61
j  javax.swing.JComponent.addNotify()V+1
j  javax.swing.JRootPane.addNotify()V+5
j  java.awt.Container.addNotify()V+61
j  java.awt.Window.addNotify()V+73
j  java.awt.Dialog.addNotify()V+51
j  java.awt.Window.pack()V+28
j  javax.swing.JFileChooser.createDialog(Ljava/awt/Component;)Ljavax/swing/JDialog;+126
j  javax.swing.JFileChooser.showDialog(Ljava/awt/Component;Ljava/lang/String;)I+17
j  noctools.script.Script.askForArguments()V+167
j  noctools.script.ScriptThreadGroupQueue.push()V+20
j  noctools.script.ScriptsManager.runScript(Ljava/lang/String;)V+186
j  noctools.NocToolsView.executeScript(Ljava/lang/String;)V+129
j  noctools.NocToolsView.executeScriptButtonActionPerformed(Ljava/awt/event/ActionEvent;)V+36
j  noctools.NocToolsView.access$2900(Lnoctools/NocToolsView;Ljava/awt/event/ActionEvent;)V+2
j  noctools.NocToolsView$27.actionPerformed(Ljava/awt/event/ActionEvent;)V+5
j  javax.swing.AbstractButton.fireActionPerformed(Ljava/awt/event/ActionEvent;)V+84
j  javax.swing.AbstractButton$Handler.actionPerformed(Ljava/awt/event/ActionEvent;)V+5
j  javax.swing.DefaultButtonModel.fireActionPerformed(Ljava/awt/event/ActionEvent;)V+35
j  javax.swing.DefaultButtonModel.setPressed(Z)V+117
j  javax.swing.plaf.basic.BasicButtonListener.mouseReleased(Ljava/awt/event/MouseEvent;)V+35
j  java.awt.Component.processMouseEvent(Ljava/awt/event/MouseEvent;)V+64
j  javax.swing.JComponent.processMouseEvent(Ljava/awt/event/MouseEvent;)V+23
j  java.awt.Component.processEvent(Ljava/awt/AWTEvent;)V+81
j  java.awt.Container.processEvent(Ljava/awt/AWTEvent;)V+18
j  java.awt.Component.dispatchEventImpl(Ljava/awt/AWTEvent;)V+566
j  java.awt.Container.dispatchEventImpl(Ljava/awt/AWTEvent;)V+42
J  java.awt.LightweightDispatcher.retargetMouseEvent(Ljava/awt/Component;ILjava/awt/event/MouseEvent;)V
j  java.awt.LightweightDispatcher.processMouseEvent(Ljava/awt/event/MouseEvent;)Z+139
j  java.awt.LightweightDispatcher.dispatchEvent(Ljava/awt/AWTEvent;)Z+50
j  java.awt.Container.dispatchEventImpl(Ljava/awt/AWTEvent;)V+12
j  java.awt.Window.dispatchEventImpl(Ljava/awt/AWTEvent;)V+19
j  java.awt.Component.dispatchEvent(Ljava/awt/AWTEvent;)V+2
j  java.awt.EventQueue.dispatchEvent(Ljava/awt/AWTEvent;)V+46
j  java.awt.EventDispatchThread.pumpOneEventForFilters(I)Z+204
j  java.awt.EventDispatchThread.pumpEventsForFilter(ILjava/awt/Conditional;Ljava/awt/EventFilter;)V+30
j  java.awt.EventDispatchThread.pumpEventsForHierarchy(ILjava/awt/Conditional;Ljava/awt/Component;)V+11
j  java.awt.EventDispatchThread.pumpEvents(ILjava/awt/Conditional;)V+4
j  java.awt.EventDispatchThread.pumpEvents(Ljava/awt/Conditional;)V+3
j  java.awt.EventDispatchThread.run()V+9
v  ~StubRoutines::call_stub

---------------  P R O C E S S  ---------------

Java Threads: ( => current thread )
  0x1aa79c00 JavaThread "Swing-Shell" daemon [_thread_blocked, id=7780, stack(0x1ad40000,0x1ad90000)]
  0x1aa79000 JavaThread "Image Fetcher 0" daemon [_thread_blocked, id=4808, stack(0x1a850000,0x1a8a0000)]
  0x1aa79800 JavaThread "D3D Screen Updater" daemon [_thread_blocked, id=6292, stack(0x1ae30000,0x1ae80000)]
  0x1a94ac00 JavaThread "Startup Manager" daemon [_thread_blocked, id=6688, stack(0x1acf0000,0x1ad40000)]
  0x1a94a400 JavaThread "Thread-2" daemon [_thread_blocked, id=944, stack(0x1aca0000,0x1acf0000)]
  0x17f75c00 JavaThread "TimerQueue" daemon [_thread_blocked, id=6356, stack(0x18530000,0x18580000)]
  0x17f68000 JavaThread "SwingWorker-pool-2-thread-1" daemon [_thread_blocked, id=7680, stack(0x184e0000,0x18530000)]
  0x002d9800 JavaThread "DestroyJavaVM" [_thread_blocked, id=7156, stack(0x01830000,0x01880000)]
=>0x17f2b400 JavaThread "AWT-EventQueue-0" [_thread_in_native, id=7756, stack(0x18390000,0x183e0000)]
  0x17f26800 JavaThread "AWT-Windows" daemon [_thread_in_native, id=1532, stack(0x18340000,0x18390000)]
  0x17f25000 JavaThread "AWT-Shutdown" [_thread_blocked, id=1504, stack(0x181c0000,0x18210000)]
  0x17f24800 JavaThread "Java2D Disposer" daemon [_thread_blocked, id=440, stack(0x18170000,0x181c0000)]
  0x0197a800 JavaThread "Low Memory Detector" daemon [_thread_blocked, id=7724, stack(0x17de0000,0x17e30000)]
  0x01973400 JavaThread "CompilerThread0" daemon [_thread_blocked, id=7880, stack(0x17d90000,0x17de0000)]
  0x0195dc00 JavaThread "JDWP Command Reader" daemon [_thread_in_native, id=6768, stack(0x17d40000,0x17d90000)]
  0x0195cc00 JavaThread "JDWP Event Helper Thread" daemon [_thread_blocked, id=5468, stack(0x17cf0000,0x17d40000)]
  0x01958000 JavaThread "JDWP Transport Listener: dt_shmem" daemon [_thread_blocked, id=2932, stack(0x17ca0000,0x17cf0000)]
  0x0192b400 JavaThread "Attach Listener" daemon [_thread_blocked, id=3360, stack(0x17c50000,0x17ca0000)]
  0x01928400 JavaThread "Signal Dispatcher" daemon [_thread_blocked, id=7452, stack(0x17c00000,0x17c50000)]
  0x0191ac00 JavaThread "Finalizer" daemon [_thread_blocked, id=1760, stack(0x17bb0000,0x17c00000)]
  0x01916000 JavaThread "Reference Handler" daemon [_thread_blocked, id=7204, stack(0x17b60000,0x17bb0000)]

Other Threads:
  0x01913800 VMThread [stack: 0x17b10000,0x17b60000] [id=5828]
  0x0197cc00 WatcherThread [stack: 0x18030000,0x18080000] [id=4508]

VM state:not at safepoint (normal execution)

VM Mutex/Monitor currently owned by a thread: None

Heap
 def new generation   total 4928K, used 4778K [0x03a00000, 0x03f50000, 0x08f50000)
  eden space 4416K,  99% used [0x03a00000, 0x03e4d5b8, 0x03e50000)
  from space 512K,  72% used [0x03e50000, 0x03ead378, 0x03ed0000)
  to   space 512K,   0% used [0x03ed0000, 0x03ed0000, 0x03f50000)
 tenured generation   total 10944K, used 4638K [0x08f50000, 0x09a00000, 0x13a00000)
   the space 10944K,  42% used [0x08f50000, 0x093d7bf8, 0x093d7c00, 0x09a00000)
 compacting perm gen  total 14336K, used 14199K [0x13a00000, 0x14800000, 0x17a00000)
   the space 14336K,  99% used [0x13a00000, 0x147ddcd0, 0x147dde00, 0x14800000)
No shared spaces configured.

Dynamic libraries:
0x00400000 - 0x00424000 	C:\Program Files\Java\jdk1.6.0_18\jre\bin\java.exe
0x773e0000 - 0x7751c000 	C:\windows\SYSTEM32\ntdll.dll
0x76d50000 - 0x76e24000 	C:\windows\system32\kernel32.dll
0x757b0000 - 0x757fa000 	C:\windows\system32\KERNELBASE.dll
0x77140000 - 0x771e0000 	C:\windows\system32\ADVAPI32.dll
0x76b70000 - 0x76c1c000 	C:\windows\system32\msvcrt.dll
0x76ab0000 - 0x76ac9000 	C:\windows\SYSTEM32\sechost.dll
0x76c70000 - 0x76d11000 	C:\windows\system32\RPCRT4.dll
0x7c340000 - 0x7c396000 	C:\Program Files\Java\jdk1.6.0_18\jre\bin\msvcr71.dll
0x6d8b0000 - 0x6db47000 	C:\Program Files\Java\jdk1.6.0_18\jre\bin\client\jvm.dll
0x77540000 - 0x77609000 	C:\windows\system32\USER32.dll
0x76c20000 - 0x76c6e000 	C:\windows\system32\GDI32.dll
0x76720000 - 0x7672a000 	C:\windows\system32\LPK.dll
0x76ad0000 - 0x76b6d000 	C:\windows\system32\USP10.dll
0x73990000 - 0x739c2000 	C:\windows\system32\WINMM.dll
0x77520000 - 0x7753f000 	C:\windows\system32\IMM32.DLL
0x76480000 - 0x7654c000 	C:\windows\system32\MSCTF.dll
0x75470000 - 0x754bb000 	C:\windows\system32\apphelp.dll
0x6c1b0000 - 0x6c1b5000 	C:\windows\system32\avgrsstx.dll
0x6d860000 - 0x6d86c000 	C:\Program Files\Java\jdk1.6.0_18\jre\bin\verify.dll
0x6d3e0000 - 0x6d3ff000 	C:\Program Files\Java\jdk1.6.0_18\jre\bin\java.dll
0x6d340000 - 0x6d348000 	C:\Program Files\Java\jdk1.6.0_18\jre\bin\hpi.dll
0x76870000 - 0x76875000 	C:\windows\system32\PSAPI.DLL
0x6d430000 - 0x6d459000 	C:\Program Files\Java\jdk1.6.0_18\jre\bin\jdwp.dll
0x6d750000 - 0x6d756000 	C:\Program Files\Java\jdk1.6.0_18\jre\bin\npt.dll
0x6d8a0000 - 0x6d8af000 	C:\Program Files\Java\jdk1.6.0_18\jre\bin\zip.dll
0x6d2a0000 - 0x6d2a8000 	C:\Program Files\Java\jdk1.6.0_18\jre\bin\dt_shmem.dll
0x6d0b0000 - 0x6d1fa000 	C:\Program Files\Java\jdk1.6.0_18\jre\bin\awt.dll
0x73620000 - 0x73671000 	C:\windows\system32\WINSPOOL.DRV
0x76fe0000 - 0x7713c000 	C:\windows\system32\ole32.dll
0x741c0000 - 0x7435e000 	C:\windows\WinSxS\x86_microsoft.windows.common-controls_6595b64144ccf1df_6.0.7600.16385_none_421189da2b7fabfc\COMCTL32.dll
0x76890000 - 0x768e7000 	C:\windows\system32\SHLWAPI.dll
0x73ed0000 - 0x73ee3000 	C:\windows\system32\DWMAPI.DLL
0x74150000 - 0x74190000 	C:\windows\system32\uxtheme.dll
0x754c0000 - 0x754cc000 	C:\windows\system32\CRYPTBASE.dll
0x75830000 - 0x76479000 	C:\windows\system32\shell32.dll
0x6d2e0000 - 0x6d334000 	C:\Program Files\Java\jdk1.6.0_18\jre\bin\fontmanager.dll
0x6d6c0000 - 0x6d6d3000 	C:\Program Files\Java\jdk1.6.0_18\jre\bin\net.dll
0x76650000 - 0x76685000 	C:\windows\system32\WS2_32.dll
0x76e30000 - 0x76e36000 	C:\windows\system32\NSI.dll
0x74f00000 - 0x74f3c000 	C:\windows\system32\mswsock.dll
0x74ef0000 - 0x74ef6000 	C:\windows\System32\wship6.dll
0x6d6e0000 - 0x6d6e9000 	C:\Program Files\Java\jdk1.6.0_18\jre\bin\nio.dll
0x6bb70000 - 0x6bd33000 	C:\windows\system32\d3d9.dll
0x74990000 - 0x74999000 	C:\windows\system32\VERSION.dll
0x73c10000 - 0x73c16000 	C:\windows\system32\d3d8thk.dll
0x5e550000 - 0x5ecb5000 	C:\windows\system32\nvd3dum.dll
0x74610000 - 0x74635000 	C:\windows\system32\powrprof.dll
0x76e40000 - 0x76fdd000 	C:\windows\system32\SETUPAPI.dll
0x75800000 - 0x75827000 	C:\windows\system32\CFGMGR32.dll
0x76730000 - 0x767bf000 	C:\windows\system32\OLEAUT32.dll
0x75700000 - 0x75712000 	C:\windows\system32\DEVOBJ.dll
0x187e0000 - 0x18818000 	C:\Program Files\WIDCOMM\Bluetooth Software\btmmhook.dll
0x76690000 - 0x76713000 	C:\windows\system32\CLBCatQ.DLL
0x743d0000 - 0x744c5000 	C:\windows\system32\propsys.dll
0x73b40000 - 0x73b61000 	C:\windows\system32\ntmarta.dll
0x76820000 - 0x76865000 	C:\windows\system32\WLDAP32.dll
0x6c610000 - 0x6c7a8000 	C:\windows\system32\NetworkExplorer.dll
0x6d020000 - 0x6d04e000 	C:\windows\System32\shdocvw.dll
0x75530000 - 0x7553b000 	C:\windows\system32\profapi.dll
0x738b0000 - 0x738ba000 	C:\windows\system32\slc.dll
0x73d30000 - 0x73e2b000 	C:\windows\system32\WindowsCodecs.dll
0x1cd40000 - 0x1cd58000 	C:\Program Files\Common Files\TortoiseOverlays\TortoiseOverlays.dll
0x1cd70000 - 0x1cd7e000 	C:\Program Files\TortoiseSVN\bin\TortoiseStub.dll
0x1cd90000 - 0x1ce5a000 	C:\Program Files\TortoiseSVN\bin\TortoiseSVN.dll
0x6d5f0000 - 0x6d5f5000 	C:\windows\system32\SHFOLDER.dll
0x76550000 - 0x76644000 	C:\windows\system32\WININET.dll
0x76880000 - 0x76883000 	C:\windows\system32\Normaliz.dll
0x76970000 - 0x76aa5000 	C:\windows\system32\urlmon.dll
0x755e0000 - 0x756fc000 	C:\windows\system32\CRYPT32.dll
0x755a0000 - 0x755ac000 	C:\windows\system32\MSASN1.dll
0x771e0000 - 0x773d9000 	C:\windows\system32\iertutil.dll
0x6eec0000 - 0x6eee2000 	C:\Program Files\TortoiseSVN\bin\libapr_tsvn.dll
0x1cf20000 - 0x1cfc3000 	C:\windows\WinSxS\x86_microsoft.vc90.crt_1fc8b3b9a1e18e3b_9.0.30729.4926_none_508ed732bcbc0e5a\MSVCR90.dll
0x6ee60000 - 0x6ee8f000 	C:\Program Files\TortoiseSVN\bin\libaprutil_tsvn.dll
0x1ce90000 - 0x1cea2000 	C:\Program Files\TortoiseSVN\bin\intl3_tsvn.dll
0x1cfd0000 - 0x1d05e000 	C:\windows\WinSxS\x86_microsoft.vc90.crt_1fc8b3b9a1e18e3b_9.0.30729.4926_none_508ed732bcbc0e5a\MSVCP90.dll
0x1ced0000 - 0x1cee7000 	D:\Users\Yuri\AppData\Roaming\Dropbox\bin\DropboxExt.13.dll
0x6d4d0000 - 0x6d5bb000 	C:\windows\system32\dbghelp.dll
0x7c3a0000 - 0x7c41b000 	D:\Users\Yuri\AppData\Roaming\Dropbox\bin\MSVCP71.dll
0x6d380000 - 0x6d3b1000 	C:\windows\system32\EhStorShell.dll
0x1d190000 - 0x1d1ff000 	C:\windows\system32\ntshrui.dll
0x752e0000 - 0x752f9000 	C:\windows\system32\srvcli.dll
0x6d7d0000 - 0x6d7db000 	C:\windows\system32\cscapi.dll
0x1d160000 - 0x1d172000 	C:\windows\system32\MPR.dll
0x68220000 - 0x68228000 	C:\windows\System32\drprov.dll
0x74b90000 - 0x74bb9000 	C:\windows\System32\WINSTA.dll
0x673a0000 - 0x673b4000 	C:\windows\System32\ntlanman.dll
0x67380000 - 0x67396000 	C:\windows\System32\davclnt.dll
0x68210000 - 0x68218000 	C:\windows\System32\DAVHLPR.dll
0x73cb0000 - 0x73cbf000 	C:\windows\system32\wkscli.dll
0x73cc0000 - 0x73cc9000 	C:\windows\system32\netutils.dll
0x1d430000 - 0x1d4ca000 	C:\Program Files\Nokia\Nokia PC Suite 7\PhoneBrowser.dll
0x1d4d0000 - 0x1d5b4000 	C:\Program Files\Nokia\Nokia PC Suite 7\NGSCM.DLL
0x738e0000 - 0x738e5000 	C:\windows\system32\MSIMG32.dll
0x6d050000 - 0x6d069000 	C:\windows\system32\OLEPRO32.DLL
0x768f0000 - 0x7696b000 	C:\windows\system32\comdlg32.dll
0x73fc0000 - 0x74150000 	C:\windows\WinSxS\x86_microsoft.windows.gdiplus_6595b64144ccf1df_1.1.7600.16385_none_72fc7cbf861225ca\gdiplus.dll
0x6e3f0000 - 0x6e477000 	C:\windows\WinSxS\x86_microsoft.vc80.crt_1fc8b3b9a1e18e3b_8.0.50727.4927_none_d08a205e442db5b5\MSVCP80.dll
0x753d0000 - 0x7546b000 	C:\windows\WinSxS\x86_microsoft.vc80.crt_1fc8b3b9a1e18e3b_8.0.50727.4927_none_d08a205e442db5b5\MSVCR80.dll
0x1d700000 - 0x1d709000 	C:\Program Files\Nokia\Nokia PC Suite 7\Lang\PhoneBrowser_eng.nlr
0x1d710000 - 0x1d79e000 	C:\Program Files\Nokia\Nokia PC Suite 7\Resource\PhoneBrowser_Nokia.ngr
0x62590000 - 0x627c8000 	C:\windows\system32\wpdshext.dll
0x6e200000 - 0x6e289000 	C:\windows\system32\PortableDeviceApi.dll
0x755b0000 - 0x755dd000 	C:\windows\system32\WINTRUST.dll
0x6dd50000 - 0x6dd7b000 	C:\windows\system32\PortableDeviceTypes.dll
0x6b660000 - 0x6b69f000 	C:\windows\system32\audiodev.dll
0x6dda0000 - 0x6e007000 	C:\windows\system32\WMVCore.DLL
0x6e0b0000 - 0x6e0ed000 	C:\windows\system32\WMASF.DLL
0x6e330000 - 0x6e352000 	C:\windows\system32\EhStorAPI.dll
0x6e0a0000 - 0x6e0a9000 	C:\windows\system32\LINKINFO.dll
0x6a430000 - 0x6aeae000 	C:\Windows\System32\ieframe.dll
0x73b00000 - 0x73b3c000 	C:\Windows\System32\OLEACC.dll
0x75350000 - 0x75358000 	C:\windows\system32\Secur32.dll
0x753a0000 - 0x753ba000 	C:\windows\system32\SSPICLI.DLL
0x75020000 - 0x75036000 	C:\windows\system32\CRYPTSP.dll
0x74c20000 - 0x74c5b000 	C:\windows\system32\rsaenh.dll
0x753c0000 - 0x753ce000 	C:\windows\system32\RpcRtRemote.dll

VM Arguments:
jvm_args: -Xbootclasspath/p:D:\Users\Yuri\Documents\NetBeansProjects\NocToolsApp\${endorsed.classpath} -Xdebug -Xrunjdwp:transport=dt_shmem,address=javadebug -Dfile.encoding=UTF-8 
java_command: noctools.NocToolsApp
Launcher Type: SUN_STANDARD

Environment Variables:
JAVA_HOME=C:\Program Files\Java\jdk1.6.0_18
CLASSPATH=.;C:\Program Files\QuickTime\QTSystem\QTJava.zip
PATH=D:\GNATBE~1\bin;C:\GNAT\bin;C:\Program Files\PC Connectivity Solution\;C:\windows\system32;C:\windows;C:\windows\System32\Wbem;C:\windows\System32\WindowsPowerShell\v1.0\;C:\Program Files\WIDCOMM\Bluetooth Software\;;C:\Program Files\QuickTime\QTSystem\;D:\apache-ant-1.8.0\bin;D:\svn-win32-1.4.6\bin;C:\Program Files\TortoiseSVN\bin;D:\cygwin\bin;C:\Program Files\AVG\AVG9
USERNAME=Yuri
OS=Windows_NT
PROCESSOR_IDENTIFIER=x86 Family 6 Model 28 Stepping 2, GenuineIntel



---------------  S Y S T E M  ---------------

OS: Windows 7 Build 7600 

CPU:total 4 (2 cores per cpu, 2 threads per core) family 6 model 28 stepping 2, cmov, cx8, fxsr, mmx, sse, sse2, sse3, ssse3, ht

Memory: 4k page, physical 3407032k(1078400k free), swap 4941268k(2295632k free)

vm_info: Java HotSpot(TM) Client VM (16.0-b13) for windows-x86 JRE (1.6.0_18-b07), built on Dec 17 2009 13:35:55 by "java_re" with MS VC++ 7.1 (VS2003)

time: Wed Nov 17 16:26:02 2010
elapsed time: 20 seconds

